00:02:56.165  INFO  applications.ApplicationManager - Test run in Chrome browser 
00:02:57.733  INFO  tests.TestBase - Test start --> deletionBoardTest
00:02:57.735  INFO  applications.MyListener - Before find elements by --> By.xpath: //span[@class='DweEFaF5owOe02 V_PnoJ2AynVwLp G6CmOLx93OUZez']
00:02:57.757  INFO  applications.MyListener - After find elements by --> By.xpath: //span[@class='DweEFaF5owOe02 V_PnoJ2AynVwLp G6CmOLx93OUZez']
00:02:57.757  INFO  applications.MyListener - List size is --> 0
00:02:57.757  INFO  applications.MyListener - Before find element by --> By.xpath: //a[@class='Buttonsstyles__Button-sc-1jwidxo-0 kTwZBr']
00:02:57.785  INFO  applications.MyListener - After find element by --> By.xpath: //a[@class='Buttonsstyles__Button-sc-1jwidxo-0 kTwZBr']
00:02:59.150  INFO  applications.MyListener - Before find element by --> By.xpath: //input[@id='user']
00:02:59.212  INFO  applications.MyListener - After find element by --> By.xpath: //input[@id='user']
00:02:59.298  INFO  applications.MyListener - Before find element by --> By.xpath: //input[@id='user']
00:02:59.330  INFO  applications.MyListener - After find element by --> By.xpath: //input[@id='user']
00:02:59.399  INFO  applications.MyListener - Before find element by --> By.xpath: //input[@id='user']
00:02:59.429  INFO  applications.MyListener - After find element by --> By.xpath: //input[@id='user']
00:02:59.536  INFO  applications.MyListener - Before find element by --> By.xpath: //input[@id='login']
00:02:59.550  INFO  applications.MyListener - After find element by --> By.xpath: //input[@id='login']
00:03:02.597  INFO  applications.MyListener - Before find element by --> By.xpath: //input[@id='password']
00:03:02.634  INFO  applications.MyListener - After find element by --> By.xpath: //input[@id='password']
00:03:02.687  INFO  applications.MyListener - Before find element by --> By.xpath: //input[@id='password']
00:03:02.706  INFO  applications.MyListener - After find element by --> By.xpath: //input[@id='password']
00:03:02.760  INFO  applications.MyListener - Before find element by --> By.xpath: //input[@id='password']
00:03:02.782  INFO  applications.MyListener - After find element by --> By.xpath: //input[@id='password']
00:03:02.872  INFO  applications.MyListener - Before find element by --> By.xpath: //span[text()='Log in']
00:03:02.902  INFO  applications.MyListener - After find element by --> By.xpath: //span[text()='Log in']
00:03:05.984  INFO  applications.MyListener - Before find elements by --> By.cssSelector: .boards-page-board-section-list-item
00:03:07.682  INFO  applications.MyListener - After find elements by --> By.cssSelector: .boards-page-board-section-list-item
00:03:07.682  INFO  applications.MyListener - List size is --> 3
00:03:09.691  INFO  applications.MyListener - Before find element by --> By.cssSelector: div[class='all-boards'] li:nth-child(1)
00:03:09.731  INFO  applications.MyListener - After find element by --> By.cssSelector: div[class='all-boards'] li:nth-child(1)
00:03:12.950  INFO  applications.MyListener - Before find element by --> By.xpath:  //button[@aria-label='Show menu']//span[@class='css-snhnyn']
00:03:13.003  INFO  applications.MyListener - After find element by --> By.xpath:  //button[@aria-label='Show menu']//span[@class='css-snhnyn']
00:03:16.113  INFO  applications.MyListener - Before find element by --> By.cssSelector: .board-menu-navigation-item-link.js-open-more
00:03:16.154  INFO  applications.MyListener - After find element by --> By.cssSelector: .board-menu-navigation-item-link.js-open-more
00:03:19.314  INFO  applications.MyListener - Before find element by --> By.cssSelector: .board-menu-navigation-item-link.js-close-board
00:03:19.356  INFO  applications.MyListener - After find element by --> By.cssSelector: .board-menu-navigation-item-link.js-close-board
00:03:20.456  INFO  applications.MyListener - Before find element by --> By.cssSelector: .js-confirm.full.nch-button.nch-button--danger
00:03:20.542  INFO  applications.MyListener - After find element by --> By.cssSelector: .js-confirm.full.nch-button.nch-button--danger
00:03:21.704  INFO  applications.MyListener - Before find element by --> By.xpath: //button[.='Permanently delete board']
00:03:21.745  INFO  applications.MyListener - Have a problem
00:03:21.746  INFO  applications.MyListener - The name of error --> findElement
00:03:21.748  INFO  applications.MyListener - Describe the error --> org.openqa.selenium.NoSuchElementException: no such element: Unable to locate element: {"method":"xpath","selector":"//button[.='Permanently delete board']"}
  (Session info: chrome=114.0.5735.199)
For documentation on this error, please visit: https://selenium.dev/exceptions/#no_such_element
Build info: version: '4.7.0', revision: '0a5b49d16f'
System info: os.name: 'Windows 11', os.arch: 'amd64', os.version: '10.0', java.version: '1.8.0_333'
Driver info: org.openqa.selenium.chrome.ChromeDriver
Command: [8b3292660c42ee767bfeaccd2c20da97, findElement {using=xpath, value=//button[.='Permanently delete board']}]
Capabilities {acceptInsecureCerts: false, browserName: chrome, browserVersion: 114.0.5735.199, chrome: {chromedriverVersion: 113.0.5672.63 (0e1a4471d5ae..., userDataDir: C:\Users\lenap\AppData\Loca...}, goog:chromeOptions: {debuggerAddress: localhost:56114}, networkConnectionEnabled: false, pageLoadStrategy: normal, platformName: WINDOWS, proxy: Proxy(), se:cdp: ws://localhost:56114/devtoo..., se:cdpVersion: 114.0.5735.199, setWindowRect: true, strictFileInteractability: false, timeouts: {implicit: 0, pageLoad: 300000, script: 30000}, unhandledPromptBehavior: dismiss and notify, webauthn:extension:credBlob: true, webauthn:extension:largeBlob: true, webauthn:extension:minPinLength: true, webauthn:extension:prf: true, webauthn:virtualAuthenticators: true}
Session ID: 8b3292660c42ee767bfeaccd2c20da97
00:03:21.749  INFO  applications.MyListener - ChromeDriver: chrome on WINDOWS (8b3292660c42ee767bfeaccd2c20da97)
00:03:21.750  INFO  applications.MyListener - Screen with error --> src/test/resources/screens/screen1652.png
00:03:22.299  INFO  tests.TestBase - ============================================================
