11:23:13.693  INFO  applications.ApplicationManager - Test run in Chrome browser 
11:23:16.477  INFO  tests.TestBase - Test start --> positiveLoginTestDP
11:23:16.483  INFO  tests.TestBase - Test login positive --> lena.postrash@gmail.com Mynameislena1!
11:23:16.483  INFO  applications.MyListener - Before find element by --> By.xpath: //a[@class='Buttonsstyles__Button-sc-1jwidxo-0 kTwZBr']
11:23:16.627  INFO  applications.MyListener - After find element by --> By.xpath: //a[@class='Buttonsstyles__Button-sc-1jwidxo-0 kTwZBr']
11:23:18.191  INFO  applications.MyListener - Before find element by --> By.xpath: //input[@id='user']
11:23:18.270  INFO  applications.MyListener - After find element by --> By.xpath: //input[@id='user']
11:23:18.354  INFO  applications.MyListener - Before find element by --> By.xpath: //input[@id='user']
11:23:18.404  INFO  applications.MyListener - After find element by --> By.xpath: //input[@id='user']
11:23:18.460  INFO  applications.MyListener - Before find element by --> By.xpath: //input[@id='user']
11:23:18.515  INFO  applications.MyListener - After find element by --> By.xpath: //input[@id='user']
11:23:18.644  INFO  applications.MyListener - Before find element by --> By.xpath: //input[@id='login']
11:23:18.693  INFO  applications.MyListener - After find element by --> By.xpath: //input[@id='login']
11:23:21.778  INFO  applications.MyListener - Before find element by --> By.xpath: //input[@id='password']
11:23:21.850  INFO  applications.MyListener - After find element by --> By.xpath: //input[@id='password']
11:23:21.997  INFO  applications.MyListener - Before find element by --> By.xpath: //input[@id='password']
11:23:22.044  INFO  applications.MyListener - After find element by --> By.xpath: //input[@id='password']
11:23:22.131  INFO  applications.MyListener - Before find element by --> By.xpath: //input[@id='password']
11:23:22.163  INFO  applications.MyListener - After find element by --> By.xpath: //input[@id='password']
11:23:22.344  INFO  applications.MyListener - Before find element by --> By.xpath: //span[text()='Log in']
11:23:22.389  INFO  applications.MyListener - After find element by --> By.xpath: //span[text()='Log in']
11:23:32.523  INFO  tests.TestBase - Logged ----
11:23:32.524  INFO  applications.MyListener - Before find elements by --> By.xpath: //span[@class='DweEFaF5owOe02 V_PnoJ2AynVwLp G6CmOLx93OUZez']
11:23:32.592  INFO  applications.MyListener - After find elements by --> By.xpath: //span[@class='DweEFaF5owOe02 V_PnoJ2AynVwLp G6CmOLx93OUZez']
11:23:32.594  INFO  applications.MyListener - List size is --> 1
11:23:32.613  INFO  tests.TestBase - ============================================================
