19:15:11.056  INFO  applications.ApplicationManager - Test run in Chrome browser 
19:15:13.126  INFO  tests.TestBase - Test start --> boardCreationTest1
19:15:13.127  INFO  applications.MyListener - Before find elements by --> By.xpath: //span[@class='DweEFaF5owOe02 V_PnoJ2AynVwLp G6CmOLx93OUZez']
19:15:13.140  INFO  applications.MyListener - After find elements by --> By.xpath: //span[@class='DweEFaF5owOe02 V_PnoJ2AynVwLp G6CmOLx93OUZez']
19:15:13.140  INFO  applications.MyListener - List size is --> 0
19:15:13.140  INFO  applications.MyListener - Before find element by --> By.xpath: //a[@class='Buttonsstyles__Button-sc-1jwidxo-0 kTwZBr']
19:15:13.155  INFO  applications.MyListener - After find element by --> By.xpath: //a[@class='Buttonsstyles__Button-sc-1jwidxo-0 kTwZBr']
19:15:14.215  INFO  applications.MyListener - Before find element by --> By.xpath: //input[@id='user']
19:15:14.237  INFO  applications.MyListener - After find element by --> By.xpath: //input[@id='user']
19:15:14.271  INFO  applications.MyListener - Before find element by --> By.xpath: //input[@id='user']
19:15:14.284  INFO  applications.MyListener - After find element by --> By.xpath: //input[@id='user']
19:15:14.304  INFO  applications.MyListener - Before find element by --> By.xpath: //input[@id='user']
19:15:14.315  INFO  applications.MyListener - After find element by --> By.xpath: //input[@id='user']
19:15:14.369  INFO  applications.MyListener - Before find element by --> By.xpath: //input[@id='login']
19:15:14.382  INFO  applications.MyListener - After find element by --> By.xpath: //input[@id='login']
19:15:17.419  INFO  applications.MyListener - Before find element by --> By.xpath: //input[@id='password']
19:15:17.448  INFO  applications.MyListener - After find element by --> By.xpath: //input[@id='password']
19:15:17.499  INFO  applications.MyListener - Before find element by --> By.xpath: //input[@id='password']
19:15:17.523  INFO  applications.MyListener - After find element by --> By.xpath: //input[@id='password']
19:15:17.558  INFO  applications.MyListener - Before find element by --> By.xpath: //input[@id='password']
19:15:17.582  INFO  applications.MyListener - After find element by --> By.xpath: //input[@id='password']
19:15:17.639  INFO  applications.MyListener - Before find element by --> By.xpath: //span[text()='Log in']
19:15:17.658  INFO  applications.MyListener - After find element by --> By.xpath: //span[text()='Log in']
19:15:20.718  INFO  applications.MyListener - Before find element by --> By.xpath: //span[text()='Create new board']
19:15:23.124  INFO  applications.MyListener - After find element by --> By.xpath: //span[text()='Create new board']
19:15:26.182  INFO  applications.MyListener - Before find element by --> By.xpath: //input[@data-testid='create-board-title-input']
19:15:26.206  INFO  applications.MyListener - After find element by --> By.xpath: //input[@data-testid='create-board-title-input']
19:15:26.252  INFO  applications.MyListener - Before find element by --> By.xpath: //input[@data-testid='create-board-title-input']
19:15:26.275  INFO  applications.MyListener - After find element by --> By.xpath: //input[@data-testid='create-board-title-input']
19:15:26.311  INFO  applications.MyListener - Before find element by --> By.xpath: //input[@data-testid='create-board-title-input']
19:15:26.336  INFO  applications.MyListener - After find element by --> By.xpath: //input[@data-testid='create-board-title-input']
19:15:29.451  INFO  applications.MyListener - Before find element by --> By.xpath: //button[@data-testid='create-board-submit-button']
19:15:29.481  INFO  applications.MyListener - After find element by --> By.xpath: //button[@data-testid='create-board-submit-button']
19:15:32.535  INFO  applications.MyListener - Before find element by --> By.xpath: //p[@class='nNvJhnERHVQb9o']
19:15:32.561  INFO  applications.MyListener - After find element by --> By.xpath: //p[@class='nNvJhnERHVQb9o']
19:15:34.640  INFO  applications.MyListener - Before find elements by --> By.cssSelector: .boards-page-board-section-list-item
19:15:34.750  INFO  applications.MyListener - After find elements by --> By.cssSelector: .boards-page-board-section-list-item
19:15:34.751  INFO  applications.MyListener - List size is --> 7
19:15:37.763  INFO  tests.TestBase - ============================================================
19:15:37.764  INFO  tests.TestBase - Test start --> boardCreationTest1
19:15:37.765  INFO  applications.MyListener - Before find elements by --> By.xpath: //span[@class='DweEFaF5owOe02 V_PnoJ2AynVwLp G6CmOLx93OUZez']
19:15:37.792  INFO  applications.MyListener - After find elements by --> By.xpath: //span[@class='DweEFaF5owOe02 V_PnoJ2AynVwLp G6CmOLx93OUZez']
19:15:37.792  INFO  applications.MyListener - List size is --> 1
19:15:37.794  INFO  applications.MyListener - Before find element by --> By.xpath: //span[text()='Create new board']
19:15:37.813  INFO  applications.MyListener - After find element by --> By.xpath: //span[text()='Create new board']
19:15:40.913  INFO  applications.MyListener - Before find element by --> By.xpath: //input[@data-testid='create-board-title-input']
19:15:40.932  INFO  applications.MyListener - After find element by --> By.xpath: //input[@data-testid='create-board-title-input']
19:15:40.975  INFO  applications.MyListener - Before find element by --> By.xpath: //input[@data-testid='create-board-title-input']
19:15:40.992  INFO  applications.MyListener - After find element by --> By.xpath: //input[@data-testid='create-board-title-input']
19:15:41.021  INFO  applications.MyListener - Before find element by --> By.xpath: //input[@data-testid='create-board-title-input']
19:15:41.041  INFO  applications.MyListener - After find element by --> By.xpath: //input[@data-testid='create-board-title-input']
19:15:44.140  INFO  applications.MyListener - Before find element by --> By.xpath: //button[@data-testid='create-board-submit-button']
19:15:44.161  INFO  applications.MyListener - After find element by --> By.xpath: //button[@data-testid='create-board-submit-button']
19:15:47.223  INFO  applications.MyListener - Before find element by --> By.xpath: //p[@class='nNvJhnERHVQb9o']
19:15:47.474  INFO  applications.MyListener - After find element by --> By.xpath: //p[@class='nNvJhnERHVQb9o']
19:15:49.686  INFO  applications.MyListener - Before find elements by --> By.cssSelector: .boards-page-board-section-list-item
19:15:49.746  INFO  applications.MyListener - After find elements by --> By.cssSelector: .boards-page-board-section-list-item
19:15:49.746  INFO  applications.MyListener - List size is --> 8
19:15:52.754  INFO  tests.TestBase - ============================================================
