00:00:44.436  INFO  applications.ApplicationManager - Test run in Chrome browser 
00:00:45.876  INFO  tests.TestBase - Test start --> deletionBoardTest
00:00:45.877  INFO  applications.MyListener - Before find elements by --> By.xpath: //span[@class='DweEFaF5owOe02 V_PnoJ2AynVwLp G6CmOLx93OUZez']
00:00:45.897  INFO  applications.MyListener - After find elements by --> By.xpath: //span[@class='DweEFaF5owOe02 V_PnoJ2AynVwLp G6CmOLx93OUZez']
00:00:45.898  INFO  applications.MyListener - List size is --> 0
00:00:45.898  INFO  applications.MyListener - Before find element by --> By.xpath: //a[@class='Buttonsstyles__Button-sc-1jwidxo-0 kTwZBr']
00:00:45.922  INFO  applications.MyListener - After find element by --> By.xpath: //a[@class='Buttonsstyles__Button-sc-1jwidxo-0 kTwZBr']
00:00:47.452  INFO  applications.MyListener - Before find element by --> By.xpath: //input[@id='user']
00:00:47.481  INFO  applications.MyListener - After find element by --> By.xpath: //input[@id='user']
00:00:47.534  INFO  applications.MyListener - Before find element by --> By.xpath: //input[@id='user']
00:00:47.554  INFO  applications.MyListener - After find element by --> By.xpath: //input[@id='user']
00:00:47.584  INFO  applications.MyListener - Before find element by --> By.xpath: //input[@id='user']
00:00:47.606  INFO  applications.MyListener - After find element by --> By.xpath: //input[@id='user']
00:00:47.697  INFO  applications.MyListener - Before find element by --> By.xpath: //input[@id='login']
00:00:47.711  INFO  applications.MyListener - After find element by --> By.xpath: //input[@id='login']
00:00:50.755  INFO  applications.MyListener - Before find element by --> By.xpath: //input[@id='password']
00:00:50.800  INFO  applications.MyListener - After find element by --> By.xpath: //input[@id='password']
00:00:50.850  INFO  applications.MyListener - Before find element by --> By.xpath: //input[@id='password']
00:00:50.867  INFO  applications.MyListener - After find element by --> By.xpath: //input[@id='password']
00:00:50.882  INFO  applications.MyListener - Before find element by --> By.xpath: //input[@id='password']
00:00:50.898  INFO  applications.MyListener - After find element by --> By.xpath: //input[@id='password']
00:00:50.952  INFO  applications.MyListener - Before find element by --> By.xpath: //span[text()='Log in']
00:00:50.976  INFO  applications.MyListener - After find element by --> By.xpath: //span[text()='Log in']
00:00:54.021  INFO  applications.MyListener - Before find elements by --> By.cssSelector: .boards-page-board-section-list-item
00:00:56.158  INFO  applications.MyListener - After find elements by --> By.cssSelector: .boards-page-board-section-list-item
00:00:56.158  INFO  applications.MyListener - List size is --> 4
00:00:58.162  INFO  applications.MyListener - Before find element by --> By.cssSelector: div[class='all-boards'] li:nth-child(1)
00:00:58.212  INFO  applications.MyListener - After find element by --> By.cssSelector: div[class='all-boards'] li:nth-child(1)
00:01:01.435  INFO  applications.MyListener - Before find element by --> By.xpath:  //button[@aria-label='Show menu']//span[@class='css-snhnyn']
00:01:01.483  INFO  applications.MyListener - After find element by --> By.xpath:  //button[@aria-label='Show menu']//span[@class='css-snhnyn']
00:01:04.577  INFO  applications.MyListener - Before find element by --> By.cssSelector: .board-menu-navigation-item-link.js-open-more
00:01:04.613  INFO  applications.MyListener - After find element by --> By.cssSelector: .board-menu-navigation-item-link.js-open-more
00:01:07.741  INFO  applications.MyListener - Before find element by --> By.cssSelector: .board-menu-navigation-item-link.js-close-board
00:01:07.798  INFO  applications.MyListener - After find element by --> By.cssSelector: .board-menu-navigation-item-link.js-close-board
00:01:08.902  INFO  applications.MyListener - Before find element by --> By.cssSelector: .js-confirm.full.nch-button.nch-button--danger
00:01:08.944  INFO  applications.MyListener - After find element by --> By.cssSelector: .js-confirm.full.nch-button.nch-button--danger
00:01:10.103  INFO  applications.MyListener - Before find element by --> By.cssSelector: .Bp80TGmc9hQIdE.bxgKMAm3lq5BpA.V_9lMAQOdk_AYt.SEj5vUdI3VvxDc
00:01:10.168  INFO  applications.MyListener - Have a problem
00:01:10.169  INFO  applications.MyListener - The name of error --> findElement
00:01:10.173  INFO  applications.MyListener - Describe the error --> org.openqa.selenium.NoSuchElementException: no such element: Unable to locate element: {"method":"css selector","selector":".Bp80TGmc9hQIdE.bxgKMAm3lq5BpA.V_9lMAQOdk_AYt.SEj5vUdI3VvxDc"}
  (Session info: chrome=114.0.5735.199)
For documentation on this error, please visit: https://selenium.dev/exceptions/#no_such_element
Build info: version: '4.7.0', revision: '0a5b49d16f'
System info: os.name: 'Windows 11', os.arch: 'amd64', os.version: '10.0', java.version: '1.8.0_333'
Driver info: org.openqa.selenium.chrome.ChromeDriver
Command: [d4f86ff7aa34156e89c31b4503b3313f, findElement {using=css selector, value=.Bp80TGmc9hQIdE.bxgKMAm3lq5BpA.V_9lMAQOdk_AYt.SEj5vUdI3VvxDc}]
Capabilities {acceptInsecureCerts: false, browserName: chrome, browserVersion: 114.0.5735.199, chrome: {chromedriverVersion: 113.0.5672.63 (0e1a4471d5ae..., userDataDir: C:\Users\lenap\AppData\Loca...}, goog:chromeOptions: {debuggerAddress: localhost:55743}, networkConnectionEnabled: false, pageLoadStrategy: normal, platformName: WINDOWS, proxy: Proxy(), se:cdp: ws://localhost:55743/devtoo..., se:cdpVersion: 114.0.5735.199, setWindowRect: true, strictFileInteractability: false, timeouts: {implicit: 0, pageLoad: 300000, script: 30000}, unhandledPromptBehavior: dismiss and notify, webauthn:extension:credBlob: true, webauthn:extension:largeBlob: true, webauthn:extension:minPinLength: true, webauthn:extension:prf: true, webauthn:virtualAuthenticators: true}
Session ID: d4f86ff7aa34156e89c31b4503b3313f
00:01:10.174  INFO  applications.MyListener - ChromeDriver: chrome on WINDOWS (d4f86ff7aa34156e89c31b4503b3313f)
00:01:10.175  INFO  applications.MyListener - Screen with error --> src/test/resources/screens/screen1425.png
00:01:10.611  INFO  tests.TestBase - ============================================================
