00:03:42.235  INFO  applications.ApplicationManager - Test run in Chrome browser 
00:03:44.990  INFO  tests.TestBase - Test start --> deletionBoardTest
00:03:44.993  INFO  applications.MyListener - Before find elements by --> By.xpath: //span[@class='DweEFaF5owOe02 V_PnoJ2AynVwLp G6CmOLx93OUZez']
00:03:45.033  INFO  applications.MyListener - After find elements by --> By.xpath: //span[@class='DweEFaF5owOe02 V_PnoJ2AynVwLp G6CmOLx93OUZez']
00:03:45.033  INFO  applications.MyListener - List size is --> 0
00:03:45.034  INFO  applications.MyListener - Before find element by --> By.xpath: //a[@class='Buttonsstyles__Button-sc-1jwidxo-0 kTwZBr']
00:03:45.094  INFO  applications.MyListener - After find element by --> By.xpath: //a[@class='Buttonsstyles__Button-sc-1jwidxo-0 kTwZBr']
00:03:47.815  INFO  applications.MyListener - Before find element by --> By.xpath: //input[@id='user']
00:03:47.877  INFO  applications.MyListener - After find element by --> By.xpath: //input[@id='user']
00:03:47.997  INFO  applications.MyListener - Before find element by --> By.xpath: //input[@id='user']
00:03:48.045  INFO  applications.MyListener - After find element by --> By.xpath: //input[@id='user']
00:03:48.108  INFO  applications.MyListener - Before find element by --> By.xpath: //input[@id='user']
00:03:48.151  INFO  applications.MyListener - After find element by --> By.xpath: //input[@id='user']
00:03:48.299  INFO  applications.MyListener - Before find element by --> By.xpath: //input[@id='login']
00:03:48.341  INFO  applications.MyListener - After find element by --> By.xpath: //input[@id='login']
00:03:51.432  INFO  applications.MyListener - Before find element by --> By.xpath: //input[@id='password']
00:03:51.487  INFO  applications.MyListener - After find element by --> By.xpath: //input[@id='password']
00:03:51.606  INFO  applications.MyListener - Before find element by --> By.xpath: //input[@id='password']
00:03:51.646  INFO  applications.MyListener - After find element by --> By.xpath: //input[@id='password']
00:03:51.726  INFO  applications.MyListener - Before find element by --> By.xpath: //input[@id='password']
00:03:51.757  INFO  applications.MyListener - After find element by --> By.xpath: //input[@id='password']
00:03:51.869  INFO  applications.MyListener - Before find element by --> By.xpath: //span[text()='Log in']
00:03:51.904  INFO  applications.MyListener - After find element by --> By.xpath: //span[text()='Log in']
00:03:55.025  INFO  applications.MyListener - Before find elements by --> By.cssSelector: .boards-page-board-section-list-item
00:03:57.674  INFO  applications.MyListener - After find elements by --> By.cssSelector: .boards-page-board-section-list-item
00:03:57.674  INFO  applications.MyListener - List size is --> 2
00:03:59.676  INFO  applications.MyListener - Before find element by --> By.cssSelector: div[class='all-boards'] li:nth-child(1)
00:03:59.718  INFO  applications.MyListener - After find element by --> By.cssSelector: div[class='all-boards'] li:nth-child(1)
00:04:03.087  INFO  applications.MyListener - Before find element by --> By.xpath:  //button[@aria-label='Show menu']//span[@class='css-snhnyn']
00:04:03.120  INFO  applications.MyListener - After find element by --> By.xpath:  //button[@aria-label='Show menu']//span[@class='css-snhnyn']
00:04:06.211  INFO  applications.MyListener - Before find element by --> By.cssSelector: .board-menu-navigation-item-link.js-open-more
00:04:06.243  INFO  applications.MyListener - After find element by --> By.cssSelector: .board-menu-navigation-item-link.js-open-more
00:04:09.411  INFO  applications.MyListener - Before find element by --> By.cssSelector: .board-menu-navigation-item-link.js-close-board
00:04:09.453  INFO  applications.MyListener - After find element by --> By.cssSelector: .board-menu-navigation-item-link.js-close-board
00:04:10.555  INFO  applications.MyListener - Before find element by --> By.cssSelector: .js-confirm.full.nch-button.nch-button--danger
00:04:10.587  INFO  applications.MyListener - After find element by --> By.cssSelector: .js-confirm.full.nch-button.nch-button--danger
00:04:11.745  INFO  applications.MyListener - Before find element by --> By.xpath: //button[.='Permanently delete board']
00:04:11.795  INFO  applications.MyListener - After find element by --> By.xpath: //button[.='Permanently delete board']
00:04:12.858  INFO  applications.MyListener - Before find element by --> By.xpath: //button[@class='a72r81xglmtLCW bxgKMAm3lq5BpA KpU415sFFvOzGZ PnEv2xIWy3eSui SEj5vUdI3VvxDc']
00:04:12.924  INFO  applications.MyListener - After find element by --> By.xpath: //button[@class='a72r81xglmtLCW bxgKMAm3lq5BpA KpU415sFFvOzGZ PnEv2xIWy3eSui SEj5vUdI3VvxDc']
00:04:20.064  INFO  applications.MyListener - Before find elements by --> By.cssSelector: .boards-page-board-section-list-item
00:04:20.097  INFO  applications.MyListener - After find elements by --> By.cssSelector: .boards-page-board-section-list-item
00:04:20.097  INFO  applications.MyListener - List size is --> 1
00:04:20.097  INFO  tests.TestBase - ============================================================
