18:32:20.593  INFO  applications.ApplicationManager - Test run in Chrome browser 
18:32:22.925  INFO  tests.TestBase - Test start --> boardDeletionTest
18:32:22.927  INFO  applications.MyListener - Before find elements by --> By.xpath: //span[@class='DweEFaF5owOe02 V_PnoJ2AynVwLp G6CmOLx93OUZez']
18:32:22.948  INFO  applications.MyListener - After find elements by --> By.xpath: //span[@class='DweEFaF5owOe02 V_PnoJ2AynVwLp G6CmOLx93OUZez']
18:32:22.948  INFO  applications.MyListener - List size is --> 0
18:32:22.948  INFO  applications.MyListener - Before find element by --> By.xpath: //a[@class='Buttonsstyles__Button-sc-1jwidxo-0 kTwZBr']
18:32:22.969  INFO  applications.MyListener - After find element by --> By.xpath: //a[@class='Buttonsstyles__Button-sc-1jwidxo-0 kTwZBr']
18:32:24.471  INFO  applications.MyListener - Before find element by --> By.xpath: //input[@id='user']
18:32:24.495  INFO  applications.MyListener - After find element by --> By.xpath: //input[@id='user']
18:32:24.553  INFO  applications.MyListener - Before find element by --> By.xpath: //input[@id='user']
18:32:24.601  INFO  applications.MyListener - After find element by --> By.xpath: //input[@id='user']
18:32:24.653  INFO  applications.MyListener - Before find element by --> By.xpath: //input[@id='user']
18:32:24.673  INFO  applications.MyListener - After find element by --> By.xpath: //input[@id='user']
18:32:24.728  INFO  applications.MyListener - Before find element by --> By.xpath: //input[@id='login']
18:32:24.745  INFO  applications.MyListener - After find element by --> By.xpath: //input[@id='login']
18:32:27.793  INFO  applications.MyListener - Before find element by --> By.xpath: //input[@id='password']
18:32:27.834  INFO  applications.MyListener - After find element by --> By.xpath: //input[@id='password']
18:32:27.945  INFO  applications.MyListener - Before find element by --> By.xpath: //input[@id='password']
18:32:27.965  INFO  applications.MyListener - After find element by --> By.xpath: //input[@id='password']
18:32:28.012  INFO  applications.MyListener - Before find element by --> By.xpath: //input[@id='password']
18:32:28.040  INFO  applications.MyListener - After find element by --> By.xpath: //input[@id='password']
18:32:28.159  INFO  applications.MyListener - Before find element by --> By.xpath: //span[text()='Log in']
18:32:28.199  INFO  applications.MyListener - After find element by --> By.xpath: //span[text()='Log in']
18:32:31.326  INFO  applications.MyListener - Before find elements by --> By.cssSelector: .boards-page-board-section-list-item
18:32:33.860  INFO  applications.MyListener - After find elements by --> By.cssSelector: .boards-page-board-section-list-item
18:32:33.862  INFO  applications.MyListener - List size is --> 3
18:32:33.862  INFO  applications.MyListener - Before find elements by --> By.cssSelector: .boards-page-board-section-list-item
18:32:33.917  INFO  applications.MyListener - After find elements by --> By.cssSelector: .boards-page-board-section-list-item
18:32:33.918  INFO  applications.MyListener - List size is --> 3
18:32:33.918  INFO  applications.MyListener - Before find elements by --> By.cssSelector: .boards-page-board-section-list-item
18:32:33.994  INFO  applications.MyListener - After find elements by --> By.cssSelector: .boards-page-board-section-list-item
18:32:33.995  INFO  applications.MyListener - List size is --> 3
18:32:37.008  INFO  applications.MyListener - Before find element by --> By.cssSelector: .boards-page-board-section-list .boards-page-board-section-list-item:first-child
18:32:37.057  INFO  applications.MyListener - After find element by --> By.cssSelector: .boards-page-board-section-list .boards-page-board-section-list-item:first-child
18:32:42.557  INFO  applications.MyListener - Before find element by --> By.xpath: //li[@class='mlpxvZU4v4cMQN wVRQcl7CJz79Tr qUkRGnTnJDff85']//div[@role='menu']//span[@class='css-snhnyn']
18:32:42.610  INFO  applications.MyListener - After find element by --> By.xpath: //li[@class='mlpxvZU4v4cMQN wVRQcl7CJz79Tr qUkRGnTnJDff85']//div[@role='menu']//span[@class='css-snhnyn']
18:32:48.974  INFO  applications.MyListener - Before find element by --> By.xpath: //button[@title='Close board']
18:32:49.009  INFO  applications.MyListener - After find element by --> By.xpath: //button[@title='Close board']
18:32:51.088  INFO  applications.MyListener - Before find element by --> By.xpath: //button[@title='Close']
18:32:51.128  INFO  applications.MyListener - After find element by --> By.xpath: //button[@title='Close']
18:32:53.234  INFO  applications.MyListener - Before find element by --> By.cssSelector: [class^='Bp80TGmc9hQIdE ']
18:32:53.287  INFO  applications.MyListener - After find element by --> By.cssSelector: [class^='Bp80TGmc9hQIdE ']
18:32:55.383  INFO  applications.MyListener - Before find element by --> By.cssSelector: [class^='a72r81xglmtLCW']
18:32:55.421  INFO  applications.MyListener - After find element by --> By.cssSelector: [class^='a72r81xglmtLCW']
18:32:58.515  INFO  applications.MyListener - Before find elements by --> By.cssSelector: .boards-page-board-section-list-item
18:32:58.566  INFO  applications.MyListener - After find elements by --> By.cssSelector: .boards-page-board-section-list-item
18:32:58.566  INFO  applications.MyListener - List size is --> 2
18:33:03.570  INFO  applications.MyListener - Before find elements by --> By.cssSelector: .boards-page-board-section-list-item
18:33:03.616  INFO  applications.MyListener - After find elements by --> By.cssSelector: .boards-page-board-section-list-item
18:33:03.617  INFO  applications.MyListener - List size is --> 2
18:33:03.622  INFO  tests.TestBase - ============================================================
